<?xml version="1.0" encoding="UTF-8"?>
<!-- Generated by org.testng.reporters.JUnitXMLReporter -->
<testsuite hostname="sys-PC" name="Sanity in FF" tests="3" failures="0" timestamp="16 Aug 2016 04:05:01 GMT" time="41.708" errors="0">
  <testcase name="testHistory" time="7.039" classname="abcpack.LinksDemo"/>
  <testcase name="testAutocomplete" time="11.037" classname="abcpack.AutoCompleteDemo"/>
  <testcase name="testSync" time="9.667" classname="abcpack.SyncDemo"/>
</testsuite> <!-- Sanity in FF -->
