<?xml version="1.0" encoding="UTF-8"?>
<!-- Generated by org.testng.reporters.JUnitXMLReporter -->
<testsuite hostname="sys-PC" name="Sanity in GC" tests="4" failures="0" timestamp="16 Aug 2016 04:05:07 GMT" time="47.747" errors="0">
  <testcase name="testHistory" time="8.179" classname="abcpack.LinksDemo"/>
  <testcase name="testAutocomplete" time="10.291" classname="abcpack.AutoCompleteDemo"/>
  <testcase name="testSync" time="1.098" classname="abcpack.SyncDemo">
    <skipped/>
  </testcase> <!-- testSync -->
  <testcase name="testSync" time="8.211" classname="abcpack.SyncDemo"/>
</testsuite> <!-- Sanity in GC -->
