<?xml version="1.0" encoding="UTF-8"?>
<testng-results skipped="1" failed="0" total="7" passed="6">
  <reporter-output>
  </reporter-output>
  <suite name="Suite" duration-ms="47747" started-at="2016-08-16T04:04:20Z" finished-at="2016-08-16T04:05:07Z">
    <groups>
    </groups>
    <test name="Sanity in FF" duration-ms="41708" started-at="2016-08-16T04:04:20Z" finished-at="2016-08-16T04:05:01Z">
      <class name="abcpack.AutoCompleteDemo">
        <test-method status="PASS" signature="setUp(java.lang.String)[pri:0, instance:abcpack.AutoCompleteDemo@5bee9e20]" name="setUp" is-config="true" duration-ms="3828" started-at="2016-08-16T09:34:32Z" finished-at="2016-08-16T09:34:36Z">
          <params>
            <param index="0">
              <value>
                <![CDATA[FF]]>
              </value>
            </param>
          </params>
          <reporter-output>
          </reporter-output>
        </test-method> <!-- setUp -->
        <test-method status="PASS" signature="testAutocomplete()[pri:0, instance:abcpack.AutoCompleteDemo@5bee9e20]" name="testAutocomplete" duration-ms="11037" started-at="2016-08-16T09:34:36Z" finished-at="2016-08-16T09:34:47Z">
          <reporter-output>
          </reporter-output>
        </test-method> <!-- testAutocomplete -->
        <test-method status="PASS" signature="tearDown()[pri:0, instance:abcpack.AutoCompleteDemo@5bee9e20]" name="tearDown" is-config="true" duration-ms="261" started-at="2016-08-16T09:34:47Z" finished-at="2016-08-16T09:34:47Z">
          <reporter-output>
          </reporter-output>
        </test-method> <!-- tearDown -->
      </class> <!-- abcpack.AutoCompleteDemo -->
      <class name="abcpack.LinksDemo">
        <test-method status="PASS" signature="setUp(java.lang.String)[pri:0, instance:abcpack.LinksDemo@68a9ae3e]" name="setUp" is-config="true" duration-ms="4749" started-at="2016-08-16T09:34:20Z" finished-at="2016-08-16T09:34:24Z">
          <params>
            <param index="0">
              <value>
                <![CDATA[FF]]>
              </value>
            </param>
          </params>
          <reporter-output>
          </reporter-output>
        </test-method> <!-- setUp -->
        <test-method status="PASS" signature="testHistory()[pri:0, instance:abcpack.LinksDemo@68a9ae3e]" name="testHistory" duration-ms="7039" started-at="2016-08-16T09:34:24Z" finished-at="2016-08-16T09:34:31Z">
          <reporter-output>
          </reporter-output>
        </test-method> <!-- testHistory -->
        <test-method status="PASS" signature="tearDown()[pri:0, instance:abcpack.LinksDemo@68a9ae3e]" name="tearDown" is-config="true" duration-ms="454" started-at="2016-08-16T09:34:31Z" finished-at="2016-08-16T09:34:32Z">
          <reporter-output>
          </reporter-output>
        </test-method> <!-- tearDown -->
      </class> <!-- abcpack.LinksDemo -->
      <class name="abcpack.SyncDemo">
        <test-method status="PASS" signature="setUp(java.lang.String)[pri:0, instance:abcpack.SyncDemo@ecf7607]" name="setUp" is-config="true" duration-ms="4477" started-at="2016-08-16T09:34:47Z" finished-at="2016-08-16T09:34:51Z">
          <params>
            <param index="0">
              <value>
                <![CDATA[FF]]>
              </value>
            </param>
          </params>
          <reporter-output>
          </reporter-output>
        </test-method> <!-- setUp -->
        <test-method status="PASS" signature="testSync()[pri:0, instance:abcpack.SyncDemo@ecf7607]" name="testSync" duration-ms="9667" started-at="2016-08-16T09:34:51Z" finished-at="2016-08-16T09:35:01Z">
          <reporter-output>
          </reporter-output>
        </test-method> <!-- testSync -->
        <test-method status="PASS" signature="tearDown()[pri:0, instance:abcpack.SyncDemo@ecf7607]" name="tearDown" is-config="true" duration-ms="183" started-at="2016-08-16T09:35:01Z" finished-at="2016-08-16T09:35:01Z">
          <reporter-output>
          </reporter-output>
        </test-method> <!-- tearDown -->
      </class> <!-- abcpack.SyncDemo -->
    </test> <!-- Sanity in FF -->
    <test name="Sanity in GC" duration-ms="47747" started-at="2016-08-16T04:04:20Z" finished-at="2016-08-16T04:05:07Z">
      <class name="abcpack.AutoCompleteDemo">
        <test-method status="PASS" signature="setUp(java.lang.String)[pri:0, instance:abcpack.AutoCompleteDemo@674482f7]" name="setUp" is-config="true" duration-ms="4079" started-at="2016-08-16T09:34:33Z" finished-at="2016-08-16T09:34:37Z">
          <params>
            <param index="0">
              <value>
                <![CDATA[GC]]>
              </value>
            </param>
          </params>
          <reporter-output>
          </reporter-output>
        </test-method> <!-- setUp -->
        <test-method status="PASS" signature="testAutocomplete()[pri:0, instance:abcpack.AutoCompleteDemo@674482f7]" name="testAutocomplete" duration-ms="10291" started-at="2016-08-16T09:34:37Z" finished-at="2016-08-16T09:34:48Z">
          <reporter-output>
          </reporter-output>
        </test-method> <!-- testAutocomplete -->
        <test-method status="PASS" signature="tearDown()[pri:0, instance:abcpack.AutoCompleteDemo@674482f7]" name="tearDown" is-config="true" duration-ms="808" started-at="2016-08-16T09:34:48Z" finished-at="2016-08-16T09:34:48Z">
          <reporter-output>
          </reporter-output>
        </test-method> <!-- tearDown -->
      </class> <!-- abcpack.AutoCompleteDemo -->
      <class name="abcpack.LinksDemo">
        <test-method status="PASS" signature="setUp(java.lang.String)[pri:0, instance:abcpack.LinksDemo@1328fa3c]" name="setUp" is-config="true" duration-ms="4617" started-at="2016-08-16T09:34:20Z" finished-at="2016-08-16T09:34:24Z">
          <params>
            <param index="0">
              <value>
                <![CDATA[GC]]>
              </value>
            </param>
          </params>
          <reporter-output>
          </reporter-output>
        </test-method> <!-- setUp -->
        <test-method status="PASS" signature="testHistory()[pri:0, instance:abcpack.LinksDemo@1328fa3c]" name="testHistory" duration-ms="8179" started-at="2016-08-16T09:34:24Z" finished-at="2016-08-16T09:34:32Z">
          <reporter-output>
          </reporter-output>
        </test-method> <!-- testHistory -->
        <test-method status="PASS" signature="tearDown()[pri:0, instance:abcpack.LinksDemo@1328fa3c]" name="tearDown" is-config="true" duration-ms="809" started-at="2016-08-16T09:34:32Z" finished-at="2016-08-16T09:34:33Z">
          <reporter-output>
          </reporter-output>
        </test-method> <!-- tearDown -->
      </class> <!-- abcpack.LinksDemo -->
      <class name="abcpack.SyncDemo">
        <test-method status="PASS" signature="setUp(java.lang.String)[pri:0, instance:abcpack.SyncDemo@42f25b18]" name="setUp" is-config="true" duration-ms="4163" started-at="2016-08-16T09:34:48Z" finished-at="2016-08-16T09:34:53Z">
          <params>
            <param index="0">
              <value>
                <![CDATA[GC]]>
              </value>
            </param>
          </params>
          <reporter-output>
          </reporter-output>
        </test-method> <!-- setUp -->
        <test-method status="SKIP" signature="testSync()[pri:0, instance:abcpack.SyncDemo@42f25b18]" name="testSync" duration-ms="1098" started-at="2016-08-16T09:34:53Z" finished-at="2016-08-16T09:34:54Z">
          <exception class="org.openqa.selenium.ElementNotVisibleException">
            <message>
              <![CDATA[element not visible
  (Session info: chrome=52.0.2743.116)
  (Driver info: chromedriver=2.22.397933 (1cab651507b88dec79b2b2a22d1943c01833cc1b),platform=Windows NT 6.1.7601 SP1 x86_64) (WARNING: The server did not provide any stacktrace information)
Command duration or timeout: 38 milliseconds
Build info: version: '2.53.1', revision: 'a36b8b1', time: '2016-06-30 17:32:46'
System info: host: 'sys-PC', ip: '192.168.1.7', os.name: 'Windows 7', os.arch: 'amd64', os.version: '6.1', java.version: '1.7.0_79'
Session ID: fad851c8a11316a159ac44420b4736aa
Driver info: org.openqa.selenium.chrome.ChromeDriver
Capabilities [{platform=XP, acceptSslCerts=true, javascriptEnabled=true, browserName=chrome, chrome={userDataDir=C:\Users\sys\AppData\Local\Temp\scoped_dir3592_22969, chromedriverVersion=2.22.397933 (1cab651507b88dec79b2b2a22d1943c01833cc1b)}, rotatable=false, locationContextEnabled=true, mobileEmulationEnabled=false, version=52.0.2743.116, takesHeapSnapshot=true, cssSelectorsEnabled=true, databaseEnabled=false, handlesAlerts=true, browserConnectionEnabled=false, webStorageEnabled=true, nativeEvents=true, hasTouchScreen=false, applicationCacheEnabled=false, takesScreenshot=true}]]]>
            </message>
            <full-stacktrace>
              <![CDATA[org.openqa.selenium.ElementNotVisibleException: element not visible
  (Session info: chrome=52.0.2743.116)
  (Driver info: chromedriver=2.22.397933 (1cab651507b88dec79b2b2a22d1943c01833cc1b),platform=Windows NT 6.1.7601 SP1 x86_64) (WARNING: The server did not provide any stacktrace information)
Command duration or timeout: 38 milliseconds
Build info: version: '2.53.1', revision: 'a36b8b1', time: '2016-06-30 17:32:46'
System info: host: 'sys-PC', ip: '192.168.1.7', os.name: 'Windows 7', os.arch: 'amd64', os.version: '6.1', java.version: '1.7.0_79'
Session ID: fad851c8a11316a159ac44420b4736aa
Driver info: org.openqa.selenium.chrome.ChromeDriver
Capabilities [{platform=XP, acceptSslCerts=true, javascriptEnabled=true, browserName=chrome, chrome={userDataDir=C:\Users\sys\AppData\Local\Temp\scoped_dir3592_22969, chromedriverVersion=2.22.397933 (1cab651507b88dec79b2b2a22d1943c01833cc1b)}, rotatable=false, locationContextEnabled=true, mobileEmulationEnabled=false, version=52.0.2743.116, takesHeapSnapshot=true, cssSelectorsEnabled=true, databaseEnabled=false, handlesAlerts=true, browserConnectionEnabled=false, webStorageEnabled=true, nativeEvents=true, hasTouchScreen=false, applicationCacheEnabled=false, takesScreenshot=true}]
	at sun.reflect.NativeConstructorAccessorImpl.newInstance0(Native Method)
	at sun.reflect.NativeConstructorAccessorImpl.newInstance(Unknown Source)
	at sun.reflect.DelegatingConstructorAccessorImpl.newInstance(Unknown Source)
	at java.lang.reflect.Constructor.newInstance(Unknown Source)
	at org.openqa.selenium.remote.ErrorHandler.createThrowable(ErrorHandler.java:206)
	at org.openqa.selenium.remote.ErrorHandler.throwIfResponseFailed(ErrorHandler.java:158)
	at org.openqa.selenium.remote.RemoteWebDriver.execute(RemoteWebDriver.java:678)
	at org.openqa.selenium.remote.RemoteWebElement.execute(RemoteWebElement.java:327)
	at org.openqa.selenium.remote.RemoteWebElement.click(RemoteWebElement.java:85)
	at abcpack.SyncDemo.testSync(SyncDemo.java:31)
	at sun.reflect.NativeMethodAccessorImpl.invoke0(Native Method)
	at sun.reflect.NativeMethodAccessorImpl.invoke(Unknown Source)
	at sun.reflect.DelegatingMethodAccessorImpl.invoke(Unknown Source)
	at java.lang.reflect.Method.invoke(Unknown Source)
	at org.testng.internal.MethodInvocationHelper.invokeMethod(MethodInvocationHelper.java:85)
	at org.testng.internal.Invoker.invokeMethod(Invoker.java:639)
	at org.testng.internal.Invoker.invokeTestMethod(Invoker.java:816)
	at org.testng.internal.Invoker.invokeTestMethods(Invoker.java:1124)
	at org.testng.internal.TestMethodWorker.invokeTestMethods(TestMethodWorker.java:125)
	at org.testng.internal.TestMethodWorker.run(TestMethodWorker.java:108)
	at org.testng.TestRunner.privateRun(TestRunner.java:774)
	at org.testng.TestRunner.run(TestRunner.java:624)
	at org.testng.SuiteRunner.runTest(SuiteRunner.java:359)
	at org.testng.SuiteRunner.access$000(SuiteRunner.java:39)
	at org.testng.SuiteRunner$SuiteWorker.run(SuiteRunner.java:393)
	at org.testng.internal.thread.ThreadUtil$2.call(ThreadUtil.java:64)
	at java.util.concurrent.FutureTask.run(Unknown Source)
	at java.util.concurrent.ThreadPoolExecutor.runWorker(Unknown Source)
	at java.util.concurrent.ThreadPoolExecutor$Worker.run(Unknown Source)
	at java.lang.Thread.run(Unknown Source)
]]>
            </full-stacktrace>
          </exception> <!-- org.openqa.selenium.ElementNotVisibleException -->
          <reporter-output>
          </reporter-output>
        </test-method> <!-- testSync -->
        <test-method status="PASS" signature="tearDown()[pri:0, instance:abcpack.SyncDemo@42f25b18]" name="tearDown" is-config="true" duration-ms="827" started-at="2016-08-16T09:34:54Z" finished-at="2016-08-16T09:34:54Z">
          <reporter-output>
          </reporter-output>
        </test-method> <!-- tearDown -->
        <test-method status="PASS" signature="setUp(java.lang.String)[pri:0, instance:abcpack.SyncDemo@42f25b18]" name="setUp" is-config="true" duration-ms="3980" started-at="2016-08-16T09:34:54Z" finished-at="2016-08-16T09:34:58Z">
          <params>
            <param index="0">
              <value>
                <![CDATA[GC]]>
              </value>
            </param>
          </params>
          <reporter-output>
          </reporter-output>
        </test-method> <!-- setUp -->
        <test-method status="PASS" signature="testSync()[pri:0, instance:abcpack.SyncDemo@42f25b18]" name="testSync" duration-ms="8211" started-at="2016-08-16T09:34:58Z" finished-at="2016-08-16T09:35:07Z">
          <reporter-output>
          </reporter-output>
        </test-method> <!-- testSync -->
        <test-method status="PASS" signature="tearDown()[pri:0, instance:abcpack.SyncDemo@42f25b18]" name="tearDown" is-config="true" duration-ms="676" started-at="2016-08-16T09:35:07Z" finished-at="2016-08-16T09:35:07Z">
          <reporter-output>
          </reporter-output>
        </test-method> <!-- tearDown -->
      </class> <!-- abcpack.SyncDemo -->
    </test> <!-- Sanity in GC -->
  </suite> <!-- Suite -->
</testng-results>
